<?xml version="1.0" encoding="UTF-8"?>
<testsuite xmlns:xsi="http://www.w3.org/2001/XMLSchema-instance" xsi:noNamespaceSchemaLocation="https://maven.apache.org/surefire/maven-surefire-plugin/xsd/surefire-test-report-3.0.xsd" version="3.0" name="com.example.demo2_sp.Demo2SpApplicationTests" time="6.688" tests="1" errors="0" skipped="0" failures="0">
  <properties>
[...]
</properties>
  <testcase name="contextLoads" classname="com.example.demo2_sp.Demo2SpApplicationTests" time="0.562">
    <system-out><![CDATA[Standard Commons Logging discovery in action with spring-jcl: please remove commons-logging.jar from classpath in order to avoid potential conflicts
18:35:55.746 [main] INFO org.springframework.test.context.support.AnnotationConfigContextLoaderUtils -- Could not detect default configuration classes for test class [com.example.demo2_sp.Demo2SpApplicationTests]: Demo2SpApplicationTests does not declare any static, non-private, non-final, nested classes annotated with @Configuration.
18:35:55.850 [main] INFO org.springframework.boot.test.context.SpringBootTestContextBootstrapper -- Found @SpringBootConfiguration com.example.demo2_sp.Demo2SpApplication for test class com.example.demo2_sp.Demo2SpApplicationTests

  .   ____          _            __ _ _
 /\\ / ___'_ __ _ _(_)_ __  __ _ \ \ \ \
( ( )\___ | '_ | '_| | '_ \/ _` | \ \ \ \
 \\/  ___)| |_)| | | | | || (_| |  ) ) ) )
  '  |____| .__|_| |_|_| |_\__, | / / / /
 =========|_|==============|___/=/_/_/_/
 :: Spring Boot ::                (v3.1.3)

2023-10-17T18:35:56.239+08:00  INFO 16828 --- [           main] c.e.demo2_sp.Demo2SpApplicationTests     : Starting Demo2SpApplicationTests using Java 19.0.1 with PID 16828 (started by llz in D:\IDEA\demo2_sp)
2023-10-17T18:35:56.241+08:00  INFO 16828 --- [           main] c.e.demo2_sp.Demo2SpApplicationTests     : No active profile set, falling back to 1 default profile: "default"
2023-10-17T18:35:57.136+08:00  INFO 16828 --- [           main] .s.d.r.c.RepositoryConfigurationDelegate : Bootstrapping Spring Data JPA repositories in DEFAULT mode.
2023-10-17T18:35:57.201+08:00  INFO 16828 --- [           main] .s.d.r.c.RepositoryConfigurationDelegate : Finished Spring Data repository scanning in 56 ms. Found 2 JPA repository interfaces.
2023-10-17T18:35:57.718+08:00  INFO 16828 --- [           main] com.zaxxer.hikari.HikariDataSource       : HikariPool-1 - Starting...
2023-10-17T18:35:58.596+08:00  INFO 16828 --- [           main] com.zaxxer.hikari.pool.HikariPool        : HikariPool-1 - Added connection com.mysql.cj.jdbc.ConnectionImpl@143fefaf
2023-10-17T18:35:58.598+08:00  INFO 16828 --- [           main] com.zaxxer.hikari.HikariDataSource       : HikariPool-1 - Start completed.
2023-10-17T18:35:58.647+08:00  INFO 16828 --- [           main] o.hibernate.jpa.internal.util.LogHelper  : HHH000204: Processing PersistenceUnitInfo [name: default]
2023-10-17T18:35:58.709+08:00  INFO 16828 --- [           main] org.hibernate.Version                    : HHH000412: Hibernate ORM core version 6.2.7.Final
2023-10-17T18:35:58.712+08:00  INFO 16828 --- [           main] org.hibernate.cfg.Environment            : HHH000406: Using bytecode reflection optimizer
2023-10-17T18:35:58.893+08:00  INFO 16828 --- [           main] o.h.b.i.BytecodeProviderInitiator        : HHH000021: Bytecode provider name : bytebuddy
2023-10-17T18:35:59.060+08:00  INFO 16828 --- [           main] o.s.o.j.p.SpringPersistenceUnitInfo      : No LoadTimeWeaver setup: ignoring JPA class transformer
2023-10-17T18:35:59.383+08:00  INFO 16828 --- [           main] o.h.b.i.BytecodeProviderInitiator        : HHH000021: Bytecode provider name : bytebuddy
2023-10-17T18:36:00.022+08:00  INFO 16828 --- [           main] o.h.e.t.j.p.i.JtaPlatformInitiator       : HHH000490: Using JtaPlatform implementation: [org.hibernate.engine.transaction.jta.platform.internal.NoJtaPlatform]
2023-10-17T18:36:00.027+08:00  INFO 16828 --- [           main] j.LocalContainerEntityManagerFactoryBean : Initialized JPA EntityManagerFactory for persistence unit 'default'
2023-10-17T18:36:00.336+08:00  INFO 16828 --- [           main] o.s.d.j.r.query.QueryEnhancerFactory     : Hibernate is in classpath; If applicable, HQL parser will be used.
2023-10-17T18:36:01.509+08:00  INFO 16828 --- [           main] o.s.b.a.e.web.EndpointLinksResolver      : Exposing 1 endpoint(s) beneath base path '/actuator'
2023-10-17T18:36:01.592+08:00  INFO 16828 --- [           main] c.e.demo2_sp.Demo2SpApplicationTests     : Started Demo2SpApplicationTests in 5.595 seconds (process running for 6.609)
]]></system-out>
  </testcase>
</testsuite>